<?xml version="1.0" encoding="UTF-8"?>
<testsuite name="exercicioencap.LojaclientesTest" tests="1" skipped="0" failures="0" errors="0" timestamp="2022-05-26T14:17:34" hostname="DESKTOP-0MNRR87" time="0.025">
  <properties/>
  <testcase name="totalitens()" classname="exercicioencap.LojaclientesTest" time="0.025"/>
  <system-out><![CDATA[]]></system-out>
  <system-err><![CDATA[]]></system-err>
</testsuite>
